1614559479026	geckodriver	INFO	Listening on 127.0.0.1:48573
1614559479853	mozrunner::runner	INFO	Running command: "/usr/bin/firefox" "--marionette" "-headless" "-foreground" "-no-remote" "-profile" "/tmp/rust_mozprofilebjnTfh"
*** You are running in headless mode.
[GFX1-]: glxtest: Unable to open a connection to the X server
[GFX1-]: glxtest: libEGL missing
console.warn: SearchSettings: "get: No settings file exists, new profile?" (new Error("", "(unknown module)"))
1614559490538	Marionette	INFO	Listening on port 34649
1614559490627	Marionette	WARN	TLS certificate errors will be ignored for this session
1614559490647	Marionette	ERROR	[18] No reply from Marionette:Register
JavaScript error: , line 0: NotFoundError: No such JSWindowActor 'MarionetteEvents'
JavaScript warning: https://cdn.jsdelivr.net/gh/roamhacker/roam42/ext/smartBlocksCmd.js, line 225: unreachable code after return statement

(firefox:1835): GLib-GObject-CRITICAL **: 00:45:16.216: g_object_get: assertion 'G_IS_OBJECT (object)' failed
1614559517398	Marionette	INFO	Stopped listening on port 34649
1614559518068	geckodriver	INFO	Listening on 127.0.0.1:54113
1614559518075	mozrunner::runner	INFO	Running command: "/usr/bin/firefox" "--marionette" "-headless" "-foreground" "-no-remote" "-profile" "/tmp/rust_mozprofilecvlXFV"
*** You are running in headless mode.
[GFX1-]: glxtest: Unable to open a connection to the X server
[GFX1-]: glxtest: libEGL missing
console.warn: SearchSettings: "get: No settings file exists, new profile?" (new Error("", "(unknown module)"))
1614559519848	Marionette	INFO	Listening on port 41049
1614559519909	Marionette	WARN	TLS certificate errors will be ignored for this session
1614559519930	Marionette	ERROR	[15] No reply from Marionette:Register
1614559521082	Marionette	WARN	Ignoring event 'DOMContentLoaded' because document has an invalid readyState of 'complete'.
JavaScript error: , line 0: NotFoundError: No such JSWindowActor 'MarionetteEvents'
JavaScript warning: https://cdn.jsdelivr.net/gh/roamhacker/roam42/ext/smartBlocksCmd.js, line 225: unreachable code after return statement

(firefox:2074): GLib-GObject-CRITICAL **: 00:45:51.214: g_object_get: assertion 'G_IS_OBJECT (object)' failed
1614559552580	Marionette	INFO	Stopped listening on port 41049
